# JRE version: Java(TM) SE Runtime Environment (8.0_181-b13) (build 1.8.0_181-b13)
# Java VM: Java HotSpot(TM) 64-Bit Server VM (25.181-b13 mixed mode windows-amd64 compressed oops)
Heap:
 PSYoungGen      total 337920K, used 105960K [0x00000000d5c00000, 0x00000000f4600000, 0x0000000100000000)
  eden space 298496K, 35% used [0x00000000d5c00000,0x00000000dc37a378,0x00000000e7f80000)
  from space 39424K, 0% used [0x00000000e7f80000,0x00000000e7f80000,0x00000000ea600000)
  to   space 39936K, 0% used [0x00000000f1f00000,0x00000000f1f00000,0x00000000f4600000)
 ParOldGen       total 132608K, used 51052K [0x0000000081400000, 0x0000000089580000, 0x00000000d5c00000)
  object space 132608K, 38% used [0x0000000081400000,0x00000000845db3c0,0x0000000089580000)
 Metaspace       used 55393K, capacity 56568K, committed 56744K, reserved 1099776K
  class space    used 6283K, capacity 6519K, committed 6576K, reserved 1048576K
GC Heap History (10 events):
Event: 16.251 GC heap before
{Heap before GC invocations=10 (full 1):
 PSYoungGen      total 222720K, used 222695K [0x00000000d5c00000, 0x00000000e7e00000, 0x0000000100000000)
  eden space 205824K, 100% used [0x00000000d5c00000,0x00000000e2500000,0x00000000e2500000)
  from space 16896K, 99% used [0x00000000e3d80000,0x00000000e4df9eb8,0x00000000e4e00000)
  to   space 25088K, 0% used [0x00000000e2500000,0x00000000e2500000,0x00000000e3d80000)
 ParOldGen       total 59904K, used 33326K [0x0000000081400000, 0x0000000084e80000, 0x00000000d5c00000)
  object space 59904K, 55% used [0x0000000081400000,0x000000008348bbe8,0x0000000084e80000)
 Metaspace       used 29728K, capacity 30468K, committed 30512K, reserved 1077248K
  class space    used 3469K, capacity 3619K, committed 3632K, reserved 1048576K
Event: 16.294 GC heap after
Heap after GC invocations=10 (full 1):
 PSYoungGen      total 230912K, used 25059K [0x00000000d5c00000, 0x00000000ed080000, 0x0000000100000000)
  eden space 205824K, 0% used [0x00000000d5c00000,0x00000000d5c00000,0x00000000e2500000)
  from space 25088K, 99% used [0x00000000e2500000,0x00000000e3d78c38,0x00000000e3d80000)
  to   space 36352K, 0% used [0x00000000ead00000,0x00000000ead00000,0x00000000ed080000)
 ParOldGen       total 59904K, used 51719K [0x0000000081400000, 0x0000000084e80000, 0x00000000d5c00000)
  object space 59904K, 86% used [0x0000000081400000,0x0000000084681ed8,0x0000000084e80000)
 Metaspace       used 29728K, capacity 30468K, committed 30512K, reserved 1077248K
  class space    used 3469K, capacity 3619K, committed 3632K, reserved 1048576K
}
Event: 16.294 GC heap before
{Heap before GC invocations=11 (full 2):
 PSYoungGen      total 230912K, used 25059K [0x00000000d5c00000, 0x00000000ed080000, 0x0000000100000000)
  eden space 205824K, 0% used [0x00000000d5c00000,0x00000000d5c00000,0x00000000e2500000)
  from space 25088K, 99% used [0x00000000e2500000,0x00000000e3d78c38,0x00000000e3d80000)
  to   space 36352K, 0% used [0x00000000ead00000,0x00000000ead00000,0x00000000ed080000)
 ParOldGen       total 59904K, used 51719K [0x0000000081400000, 0x0000000084e80000, 0x00000000d5c00000)
  object space 59904K, 86% used [0x0000000081400000,0x0000000084681ed8,0x0000000084e80000)
 Metaspace       used 29728K, capacity 30468K, committed 30512K, reserved 1077248K
  class space    used 3469K, capacity 3619K, committed 3632K, reserved 1048576K
Event: 16.440 GC heap after
Heap after GC invocations=11 (full 2):
 PSYoungGen      total 230912K, used 0K [0x00000000d5c00000, 0x00000000ed080000, 0x0000000100000000)
  eden space 205824K, 0% used [0x00000000d5c00000,0x00000000d5c00000,0x00000000e2500000)
  from space 25088K, 0% used [0x00000000e2500000,0x00000000e2500000,0x00000000e3d80000)
  to   space 36352K, 0% used [0x00000000ead00000,0x00000000ead00000,0x00000000ed080000)
 ParOldGen       total 128512K, used 54908K [0x0000000081400000, 0x0000000089180000, 0x00000000d5c00000)
  object space 128512K, 42% used [0x0000000081400000,0x000000008499f080,0x0000000089180000)
 Metaspace       used 29728K, capacity 30468K, committed 30512K, reserved 1077248K
  class space    used 3469K, capacity 3619K, committed 3632K, reserved 1048576K
}
Event: 17.440 GC heap before
{Heap before GC invocations=12 (full 2):
 PSYoungGen      total 230912K, used 205824K [0x00000000d5c00000, 0x00000000ed080000, 0x0000000100000000)
  eden space 205824K, 100% used [0x00000000d5c00000,0x00000000e2500000,0x00000000e2500000)
  from space 25088K, 0% used [0x00000000e2500000,0x00000000e2500000,0x00000000e3d80000)
  to   space 36352K, 0% used [0x00000000ead00000,0x00000000ead00000,0x00000000ed080000)
 ParOldGen       total 128512K, used 54908K [0x0000000081400000, 0x0000000089180000, 0x00000000d5c00000)
  object space 128512K, 42% used [0x0000000081400000,0x000000008499f080,0x0000000089180000)
 Metaspace       used 30486K, capacity 31278K, committed 31408K, reserved 1077248K
  class space    used 3552K, capacity 3720K, committed 3760K, reserved 1048576K
Event: 17.472 GC heap after
Heap after GC invocations=12 (full 2):
 PSYoungGen      total 330752K, used 29256K [0x00000000d5c00000, 0x00000000ecc80000, 0x0000000100000000)
  eden space 298496K, 0% used [0x00000000d5c00000,0x00000000d5c00000,0x00000000e7f80000)
  from space 32256K, 90% used [0x00000000ead00000,0x00000000ec9920c8,0x00000000ecc80000)
  to   space 39424K, 0% used [0x00000000e7f80000,0x00000000e7f80000,0x00000000ea600000)
 ParOldGen       total 128512K, used 54916K [0x0000000081400000, 0x0000000089180000, 0x00000000d5c00000)
  object space 128512K, 42% used [0x0000000081400000,0x00000000849a1080,0x0000000089180000)
 Metaspace       used 30486K, capacity 31278K, committed 31408K, reserved 1077248K
  class space    used 3552K, capacity 3720K, committed 3760K, reserved 1048576K
}
Event: 76.573 GC heap before
{Heap before GC invocations=13 (full 2):
 PSYoungGen      total 330752K, used 315052K [0x00000000d5c00000, 0x00000000ecc80000, 0x0000000100000000)
  eden space 298496K, 95% used [0x00000000d5c00000,0x00000000e7319018,0x00000000e7f80000)
  from space 32256K, 90% used [0x00000000ead00000,0x00000000ec9920c8,0x00000000ecc80000)
  to   space 39424K, 0% used [0x00000000e7f80000,0x00000000e7f80000,0x00000000ea600000)
 ParOldGen       total 128512K, used 54916K [0x0000000081400000, 0x0000000089180000, 0x00000000d5c00000)
  object space 128512K, 42% used [0x0000000081400000,0x00000000849a1080,0x0000000089180000)
 Metaspace       used 49633K, capacity 50674K, committed 50856K, reserved 1093632K
  class space    used 5817K, capacity 6058K, committed 6064K, reserved 1048576K
Event: 76.625 GC heap after
Heap after GC invocations=13 (full 2):
 PSYoungGen      total 337920K, used 23627K [0x00000000d5c00000, 0x00000000f4600000, 0x0000000100000000)
  eden space 298496K, 0% used [0x00000000d5c00000,0x00000000d5c00000,0x00000000e7f80000)
  from space 39424K, 59% used [0x00000000e7f80000,0x00000000e9692f98,0x00000000ea600000)
  to   space 39936K, 0% used [0x00000000f1f00000,0x00000000f1f00000,0x00000000f4600000)
 ParOldGen       total 128512K, used 62586K [0x0000000081400000, 0x0000000089180000, 0x00000000d5c00000)
  object space 128512K, 48% used [0x0000000081400000,0x000000008511e840,0x0000000089180000)
 Metaspace       used 49633K, capacity 50674K, committed 50856K, reserved 1093632K
  class space    used 5817K, capacity 6058K, committed 6064K, reserved 1048576K
}
Event: 76.625 GC heap before
{Heap before GC invocations=14 (full 3):
 PSYoungGen      total 337920K, used 23627K [0x00000000d5c00000, 0x00000000f4600000, 0x0000000100000000)
  eden space 298496K, 0% used [0x00000000d5c00000,0x00000000d5c00000,0x00000000e7f80000)
  from space 39424K, 59% used [0x00000000e7f80000,0x00000000e9692f98,0x00000000ea600000)
  to   space 39936K, 0% used [0x00000000f1f00000,0x00000000f1f00000,0x00000000f4600000)
 ParOldGen       total 128512K, used 62586K [0x0000000081400000, 0x0000000089180000, 0x00000000d5c00000)
  object space 128512K, 48% used [0x0000000081400000,0x000000008511e840,0x0000000089180000)
 Metaspace       used 49633K, capacity 50674K, committed 50856K, reserved 1093632K
  class space    used 5817K, capacity 6058K, committed 6064K, reserved 1048576K
Event: 76.848 GC heap after
Heap after GC invocations=14 (full 3):
 PSYoungGen      total 337920K, used 0K [0x00000000d5c00000, 0x00000000f4600000, 0x0000000100000000)
  eden space 298496K, 0% used [0x00000000d5c00000,0x00000000d5c00000,0x00000000e7f80000)
  from space 39424K, 0% used [0x00000000e7f80000,0x00000000e7f80000,0x00000000ea600000)
  to   space 39936K, 0% used [0x00000000f1f00000,0x00000000f1f00000,0x00000000f4600000)
 ParOldGen       total 132608K, used 51052K [0x0000000081400000, 0x0000000089580000, 0x00000000d5c00000)
  object space 132608K, 38% used [0x0000000081400000,0x00000000845db3c0,0x0000000089580000)
 Metaspace       used 49633K, capacity 50674K, committed 50856K, reserved 1093632K
  class space    used 5817K, capacity 6058K, committed 6064K, reserved 1048576K
}

